2024-08-16 15:25:01 info: =================================
2024-08-16 15:25:01 info: ======= ENV: development =======
2024-08-16 15:25:01 info: 🚀 App listening on the port 3000
2024-08-16 15:25:01 info: =================================
2024-08-16 15:26:35 info: =================================
2024-08-16 15:26:35 info: ======= ENV: development =======
2024-08-16 15:26:35 info: 🚀 App listening on the port 3000
2024-08-16 15:26:35 info: =================================
2024-08-16 15:27:59 info: =================================
2024-08-16 15:28:00 info: ======= ENV: development =======
2024-08-16 15:28:00 info: 🚀 App listening on the port 3000
2024-08-16 15:28:00 info: =================================
2024-08-16 15:28:00 info: [0mGET /docs/api [33m404[0m 21.926 ms - 147[0m
2024-08-16 15:29:18 info: =================================
2024-08-16 15:29:18 info: ======= ENV: development =======
2024-08-16 15:29:18 info: 🚀 App listening on the port 3000
2024-08-16 15:29:18 info: =================================
2024-08-16 15:30:01 info: =================================
2024-08-16 15:30:01 info: ======= ENV: development =======
2024-08-16 15:30:01 info: 🚀 App listening on the port 3000
2024-08-16 15:30:01 info: =================================
2024-08-16 15:30:28 info: =================================
2024-08-16 15:30:28 info: ======= ENV: development =======
2024-08-16 15:30:28 info: 🚀 App listening on the port 3000
2024-08-16 15:30:28 info: =================================
2024-08-16 15:31:28 info: =================================
2024-08-16 15:31:28 info: ======= ENV: development =======
2024-08-16 15:31:28 info: 🚀 App listening on the port 5000
2024-08-16 15:31:28 info: =================================
2024-08-16 15:31:28 info: [0mGET /api-docs [36m301[0m 15.828 ms - 183[0m
2024-08-16 15:31:28 info: [0mGET /api-docs/ [32m200[0m 7.903 ms - -[0m
2024-08-16 15:31:28 info: [0mGET /api-docs/swagger-ui-init.js [32m200[0m 1.435 ms - -[0m
2024-08-16 15:31:28 info: [0mGET /api-docs/swagger-ui.css [32m200[0m 19.033 ms - -[0m
2024-08-16 15:31:28 info: [0mGET /api-docs/swagger-ui-standalone-preset.js [32m200[0m 18.277 ms - -[0m
2024-08-16 15:31:28 info: [0mGET /api-docs/swagger-ui-bundle.js [32m200[0m 18.760 ms - -[0m
2024-08-16 15:31:30 info: [0mGET /api-docs/swagger-ui.css.map [32m200[0m 5.607 ms - -[0m
2024-08-16 15:33:23 info: =================================
2024-08-16 15:33:23 info: ======= ENV: development =======
2024-08-16 15:33:23 info: 🚀 App listening on the port 5000
2024-08-16 15:33:23 info: =================================
2024-08-16 15:33:23 info: [0mGET /api-docs/ [36m304[0m 26.388 ms - -[0m
2024-08-16 15:33:24 info: [0mGET /api-docs/swagger-ui.css [36m304[0m 6.555 ms - -[0m
2024-08-16 15:33:24 info: [0mGET /api-docs/swagger-ui-bundle.js [36m304[0m 10.821 ms - -[0m
2024-08-16 15:33:24 info: [0mGET /api-docs/swagger-ui-standalone-preset.js [36m304[0m 12.208 ms - -[0m
2024-08-16 15:33:25 info: [0mGET /api-docs/swagger-ui-init.js [36m304[0m 1.567 ms - -[0m
2024-08-16 15:33:25 info: [0mGET /api-docs/swagger-ui.css.map [36m304[0m 3.230 ms - -[0m
2024-08-16 15:33:26 info: [0mGET /api-docs/swagger-ui-standalone-preset.js.map [32m200[0m 3.579 ms - -[0m
2024-08-16 15:33:26 info: [0mGET /api-docs/swagger-ui-bundle.js.map [32m200[0m 6.258 ms - -[0m
2024-08-16 15:35:02 info: =================================
2024-08-16 15:35:02 info: ======= ENV: development =======
2024-08-16 15:35:02 info: 🚀 App listening on the port 5000
2024-08-16 15:35:02 info: =================================
2024-08-16 15:35:26 info: =================================
2024-08-16 15:35:26 info: ======= ENV: development =======
2024-08-16 15:35:26 info: 🚀 App listening on the port 5000
2024-08-16 15:35:26 info: =================================
2024-08-16 15:35:26 info: [0mGET /api-docs/ [36m304[0m 13.269 ms - -[0m
2024-08-16 15:35:26 info: [0mGET /api-docs/swagger-ui.css [36m304[0m 5.806 ms - -[0m
2024-08-16 15:35:26 info: [0mGET /api-docs/swagger-ui-bundle.js [36m304[0m 5.230 ms - -[0m
2024-08-16 15:35:26 info: [0mGET /api-docs/swagger-ui-init.js [36m304[0m 1.153 ms - -[0m
2024-08-16 15:35:26 info: [0mGET /api-docs/swagger-ui-standalone-preset.js [36m304[0m 5.322 ms - -[0m
2024-08-16 15:35:28 info: [0mGET /api-docs/favicon-32x32.png [32m200[0m 6.307 ms - 628[0m
2024-08-16 15:37:15 info: =================================
2024-08-16 15:37:15 info: ======= ENV: development =======
2024-08-16 15:37:15 info: 🚀 App listening on the port 5000
2024-08-16 15:37:15 info: =================================
2024-08-16 15:38:58 info: =================================
2024-08-16 15:38:58 info: ======= ENV: development =======
2024-08-16 15:38:58 info: 🚀 App listening on the port 5000
2024-08-16 15:38:58 info: =================================
2024-08-16 15:39:10 info: =================================
2024-08-16 15:39:10 info: ======= ENV: development =======
2024-08-16 15:39:10 info: 🚀 App listening on the port 5000
2024-08-16 15:39:10 info: =================================
2024-08-16 15:39:11 info: [0mGET /api-docs/ [36m304[0m 19.604 ms - -[0m
2024-08-16 15:39:11 info: [0mGET /api-docs/swagger-ui.css [36m304[0m 4.078 ms - -[0m
2024-08-16 15:39:11 info: [0mGET /api-docs/swagger-ui-init.js [36m304[0m 5.972 ms - -[0m
2024-08-16 15:39:11 info: [0mGET /api-docs/swagger-ui-bundle.js [36m304[0m 12.486 ms - -[0m
2024-08-16 15:39:11 info: [0mGET /api-docs/swagger-ui-standalone-preset.js [36m304[0m 12.512 ms - -[0m
2024-08-16 15:49:48 info: Swagger initialized successfully
2024-08-16 15:49:48 info: =================================
2024-08-16 15:49:48 info: ======= ENV: development =======
2024-08-16 15:49:48 info: 🚀 App listening on the port 5000
2024-08-16 15:49:48 info: =================================
2024-08-16 15:52:21 info: Swagger initialized successfully
2024-08-16 15:52:21 info: =================================
2024-08-16 15:52:21 info: ======= ENV: development =======
2024-08-16 15:52:21 info: 🚀 App listening on the port 5000
2024-08-16 15:52:21 info: =================================
2024-08-16 15:52:35 info: [0mGET /api-docs/ [36m304[0m 18.207 ms - -[0m
2024-08-16 15:52:35 info: [0mGET /api-docs/swagger-ui-init.js [36m304[0m 0.886 ms - -[0m
2024-08-16 15:52:35 info: [0mGET /api-docs/swagger-ui.css [32m200[0m 21.576 ms - -[0m
2024-08-16 15:52:35 info: [0mGET /api-docs/swagger-ui-standalone-preset.js [32m200[0m 16.067 ms - -[0m
2024-08-16 15:52:36 info: [0mGET /api-docs/swagger-ui-bundle.js [32m200[0m 17.049 ms - -[0m
2024-08-16 15:52:37 info: [0mGET /api-docs/favicon-32x32.png [32m200[0m 4.225 ms - 628[0m
2024-08-16 15:54:32 info: Swagger initialized successfully
2024-08-16 15:54:32 info: =================================
2024-08-16 15:54:32 info: ======= ENV: development =======
2024-08-16 15:54:32 info: 🚀 App listening on the port 5000
2024-08-16 15:54:32 info: =================================
2024-08-16 15:54:32 info: [0mGET /api-docs/ [36m304[0m 14.328 ms - -[0m
2024-08-16 15:54:32 info: [0mGET /api-docs/swagger-ui-init.js [36m304[0m 1.361 ms - -[0m
2024-08-16 15:54:32 info: [0mGET /api-docs/swagger-ui.css [36m304[0m 14.945 ms - -[0m
2024-08-16 15:54:32 info: [0mGET /api-docs/swagger-ui-bundle.js [36m304[0m 27.033 ms - -[0m
2024-08-16 15:54:32 info: [0mGET /api-docs/swagger-ui-standalone-preset.js [36m304[0m 74.703 ms - -[0m
2024-08-16 15:54:34 info: [0mGET /api-docs/favicon-32x32.png [36m304[0m 1.391 ms - -[0m
2024-08-16 15:54:46 info: [0mGET /users [32m200[0m 476.034 ms - 31[0m
